<?xml version="1.0" encoding="UTF-8"?>
<testng-results ignored="0" total="11" passed="11" failed="0" skipped="0">
  <reporter-output>
  </reporter-output>
  <suite started-at="2023-09-22T03:17:47 IST" name="Suite" finished-at="2023-09-22T03:19:01 IST" duration-ms="74250">
    <groups>
      <group name="cucumber">
        <method signature="AbstractTestNGCucumberTests.runScenario(io.cucumber.testng.PickleWrapper,io.cucumber.testng.FeatureWrapper)[pri:0, instance:com.stc.runner.CucumberRunnerClass@6ed3ccb2]" name="runScenario" class="io.cucumber.testng.AbstractTestNGCucumberTests"/>
      </group> <!-- cucumber -->
    </groups>
    <test started-at="2023-09-22T03:17:47 IST" name="Test" finished-at="2023-09-22T03:19:01 IST" duration-ms="74250">
      <class name="com.stc.runner.CucumberRunnerClass">
        <test-method is-config="true" signature="setUpClass(org.testng.ITestContext)[pri:0, instance:com.stc.runner.CucumberRunnerClass@6ed3ccb2]" started-at="2023-09-22T03:17:47 IST" name="setUpClass" finished-at="2023-09-22T03:17:48 IST" duration-ms="943" status="PASS">
          <params>
            <param index="0">
              <value>
                <![CDATA[org.testng.TestRunner@3946075]]>
              </value>
            </param>
          </params>
          <reporter-output>
          </reporter-output>
        </test-method> <!-- setUpClass -->
        <test-method signature="runScenario(io.cucumber.testng.PickleWrapper,io.cucumber.testng.FeatureWrapper)[pri:0, instance:com.stc.runner.CucumberRunnerClass@6ed3ccb2]" started-at="2023-09-22T03:17:48 IST" name="runScenario" description="Runs Cucumber Scenarios" data-provider="scenarios" finished-at="2023-09-22T03:17:52 IST" duration-ms="3577" status="PASS">
          <params>
            <param index="0">
              <value>
                <![CDATA["Open Browser"]]>
              </value>
            </param>
            <param index="1">
              <value>
                <![CDATA["VALIDATE ALL COUNTRY STC PLAN"]]>
              </value>
            </param>
          </params>
          <reporter-output>
          </reporter-output>
        </test-method> <!-- runScenario -->
        <test-method signature="runScenario(io.cucumber.testng.PickleWrapper,io.cucumber.testng.FeatureWrapper)[pri:0, instance:com.stc.runner.CucumberRunnerClass@6ed3ccb2]" started-at="2023-09-22T03:17:52 IST" name="runScenario" description="Runs Cucumber Scenarios" data-provider="scenarios" finished-at="2023-09-22T03:18:05 IST" duration-ms="13318" status="PASS">
          <params>
            <param index="0">
              <value>
                <![CDATA["Verifying All Country Stc Tv Plan"]]>
              </value>
            </param>
            <param index="1">
              <value>
                <![CDATA["VALIDATE ALL COUNTRY STC PLAN"]]>
              </value>
            </param>
          </params>
          <reporter-output>
          </reporter-output>
        </test-method> <!-- runScenario -->
        <test-method signature="runScenario(io.cucumber.testng.PickleWrapper,io.cucumber.testng.FeatureWrapper)[pri:0, instance:com.stc.runner.CucumberRunnerClass@6ed3ccb2]" started-at="2023-09-22T03:18:05 IST" name="runScenario" description="Runs Cucumber Scenarios" data-provider="scenarios" finished-at="2023-09-22T03:18:11 IST" duration-ms="6239" status="PASS">
          <params>
            <param index="0">
              <value>
                <![CDATA["Verifying All Country Stc Tv Plan"]]>
              </value>
            </param>
            <param index="1">
              <value>
                <![CDATA["VALIDATE ALL COUNTRY STC PLAN"]]>
              </value>
            </param>
          </params>
          <reporter-output>
          </reporter-output>
        </test-method> <!-- runScenario -->
        <test-method signature="runScenario(io.cucumber.testng.PickleWrapper,io.cucumber.testng.FeatureWrapper)[pri:0, instance:com.stc.runner.CucumberRunnerClass@6ed3ccb2]" started-at="2023-09-22T03:18:11 IST" name="runScenario" description="Runs Cucumber Scenarios" data-provider="scenarios" finished-at="2023-09-22T03:18:18 IST" duration-ms="6445" status="PASS">
          <params>
            <param index="0">
              <value>
                <![CDATA["Verifying All Country Stc Tv Plan"]]>
              </value>
            </param>
            <param index="1">
              <value>
                <![CDATA["VALIDATE ALL COUNTRY STC PLAN"]]>
              </value>
            </param>
          </params>
          <reporter-output>
          </reporter-output>
        </test-method> <!-- runScenario -->
        <test-method signature="runScenario(io.cucumber.testng.PickleWrapper,io.cucumber.testng.FeatureWrapper)[pri:0, instance:com.stc.runner.CucumberRunnerClass@6ed3ccb2]" started-at="2023-09-22T03:18:18 IST" name="runScenario" description="Runs Cucumber Scenarios" data-provider="scenarios" finished-at="2023-09-22T03:18:24 IST" duration-ms="6757" status="PASS">
          <params>
            <param index="0">
              <value>
                <![CDATA["Verifying All Country Stc Tv Plan"]]>
              </value>
            </param>
            <param index="1">
              <value>
                <![CDATA["VALIDATE ALL COUNTRY STC PLAN"]]>
              </value>
            </param>
          </params>
          <reporter-output>
          </reporter-output>
        </test-method> <!-- runScenario -->
        <test-method signature="runScenario(io.cucumber.testng.PickleWrapper,io.cucumber.testng.FeatureWrapper)[pri:0, instance:com.stc.runner.CucumberRunnerClass@6ed3ccb2]" started-at="2023-09-22T03:18:24 IST" name="runScenario" description="Runs Cucumber Scenarios" data-provider="scenarios" finished-at="2023-09-22T03:18:32 IST" duration-ms="7199" status="PASS">
          <params>
            <param index="0">
              <value>
                <![CDATA["Verifying All Country Stc Tv Plan"]]>
              </value>
            </param>
            <param index="1">
              <value>
                <![CDATA["VALIDATE ALL COUNTRY STC PLAN"]]>
              </value>
            </param>
          </params>
          <reporter-output>
          </reporter-output>
        </test-method> <!-- runScenario -->
        <test-method signature="runScenario(io.cucumber.testng.PickleWrapper,io.cucumber.testng.FeatureWrapper)[pri:0, instance:com.stc.runner.CucumberRunnerClass@6ed3ccb2]" started-at="2023-09-22T03:18:32 IST" name="runScenario" description="Runs Cucumber Scenarios" data-provider="scenarios" finished-at="2023-09-22T03:18:38 IST" duration-ms="6812" status="PASS">
          <params>
            <param index="0">
              <value>
                <![CDATA["Verifying All Country Stc Tv Plan"]]>
              </value>
            </param>
            <param index="1">
              <value>
                <![CDATA["VALIDATE ALL COUNTRY STC PLAN"]]>
              </value>
            </param>
          </params>
          <reporter-output>
          </reporter-output>
        </test-method> <!-- runScenario -->
        <test-method signature="runScenario(io.cucumber.testng.PickleWrapper,io.cucumber.testng.FeatureWrapper)[pri:0, instance:com.stc.runner.CucumberRunnerClass@6ed3ccb2]" started-at="2023-09-22T03:18:38 IST" name="runScenario" description="Runs Cucumber Scenarios" data-provider="scenarios" finished-at="2023-09-22T03:18:47 IST" duration-ms="9001" status="PASS">
          <params>
            <param index="0">
              <value>
                <![CDATA["Verifying All Country Stc Tv Plan"]]>
              </value>
            </param>
            <param index="1">
              <value>
                <![CDATA["VALIDATE ALL COUNTRY STC PLAN"]]>
              </value>
            </param>
          </params>
          <reporter-output>
          </reporter-output>
        </test-method> <!-- runScenario -->
        <test-method signature="runScenario(io.cucumber.testng.PickleWrapper,io.cucumber.testng.FeatureWrapper)[pri:0, instance:com.stc.runner.CucumberRunnerClass@6ed3ccb2]" started-at="2023-09-22T03:18:47 IST" name="runScenario" description="Runs Cucumber Scenarios" data-provider="scenarios" finished-at="2023-09-22T03:18:54 IST" duration-ms="6985" status="PASS">
          <params>
            <param index="0">
              <value>
                <![CDATA["Verifying All Country Stc Tv Plan"]]>
              </value>
            </param>
            <param index="1">
              <value>
                <![CDATA["VALIDATE ALL COUNTRY STC PLAN"]]>
              </value>
            </param>
          </params>
          <reporter-output>
          </reporter-output>
        </test-method> <!-- runScenario -->
        <test-method signature="runScenario(io.cucumber.testng.PickleWrapper,io.cucumber.testng.FeatureWrapper)[pri:0, instance:com.stc.runner.CucumberRunnerClass@6ed3ccb2]" started-at="2023-09-22T03:18:54 IST" name="runScenario" description="Runs Cucumber Scenarios" data-provider="scenarios" finished-at="2023-09-22T03:19:01 IST" duration-ms="6442" status="PASS">
          <params>
            <param index="0">
              <value>
                <![CDATA["Verifying All Country Stc Tv Plan"]]>
              </value>
            </param>
            <param index="1">
              <value>
                <![CDATA["VALIDATE ALL COUNTRY STC PLAN"]]>
              </value>
            </param>
          </params>
          <reporter-output>
          </reporter-output>
        </test-method> <!-- runScenario -->
        <test-method signature="runScenario(io.cucumber.testng.PickleWrapper,io.cucumber.testng.FeatureWrapper)[pri:0, instance:com.stc.runner.CucumberRunnerClass@6ed3ccb2]" started-at="2023-09-22T03:19:01 IST" name="runScenario" description="Runs Cucumber Scenarios" data-provider="scenarios" finished-at="2023-09-22T03:19:01 IST" duration-ms="354" status="PASS">
          <params>
            <param index="0">
              <value>
                <![CDATA["Close Browser"]]>
              </value>
            </param>
            <param index="1">
              <value>
                <![CDATA["VALIDATE ALL COUNTRY STC PLAN"]]>
              </value>
            </param>
          </params>
          <reporter-output>
          </reporter-output>
        </test-method> <!-- runScenario -->
        <test-method is-config="true" signature="tearDownClass()[pri:0, instance:com.stc.runner.CucumberRunnerClass@6ed3ccb2]" started-at="2023-09-22T03:19:01 IST" name="tearDownClass" finished-at="2023-09-22T03:19:01 IST" duration-ms="57" status="PASS">
          <reporter-output>
          </reporter-output>
        </test-method> <!-- tearDownClass -->
      </class> <!-- com.stc.runner.CucumberRunnerClass -->
    </test> <!-- Test -->
  </suite> <!-- Suite -->
</testng-results>
